    		<< Start of Message >>
    		There was a hacking attempt on your form. 
 
    		Date of Attack: 06 Aug 2014
    		IP-Adress: 143.127.2.8 

    		Host of Attacker: 143.127.2.8
    		Point of Attack: Formtoken
    		<< End of Message >>
    		

    		<< Start of Message >>
    		There was a hacking attempt on your form. 
 
    		Date of Attack: 2014-12-03 23:57:08
    		IP-Adress: 75.128.21.126 

    		Host of Attacker: 75-128-21-126.dhcp.snlo.ca.charter.com
    		Point of Attack: Unknown form fields
    		<< End of Message >>    		

    		<< Start of Message >>
    		There was a hacking attempt on your form. 
 
    		Date of Attack: 2015-02-02 13:39:45
    		IP-Adress: 129.65.149.100 

    		Host of Attacker: pcp069063pcs.wireless.calpoly.edu
    		Point of Attack: Unknown form fields
    		<< End of Message >>    		

    		<< Start of Message >>
    		There was a hacking attempt on your form. 
 
    		Date of Attack: 2015-02-16 18:13:01
    		IP-Adress: 129.65.148.183 

    		Host of Attacker: pcp068648pcs.wireless.calpoly.edu
    		Point of Attack: Unknown form fields
    		<< End of Message >>    		

    		<< Start of Message >>
    		There was a hacking attempt on your form. 
 
    		Date of Attack: 2015-02-16 18:15:30
    		IP-Adress: 129.65.148.183 

    		Host of Attacker: pcp068648pcs.wireless.calpoly.edu
    		Point of Attack: Unknown form fields
    		<< End of Message >>