		<< Start of Message >>
		There was a hacking attempt on your form. 
 
		Date of Attack: 13 May 2009
		IP-Adress:  

		Host of Attacker: 
		Point of Attack: Formtoken
		<< End of Message >>		<< Start of Message >>
		There was a hacking attempt on your form. 
 
		Date of Attack: 13 May 2009
		IP-Adress: ::1 

		Host of Attacker: localhost
		Point of Attack: Formtoken
		<< End of Message >>		

		<< Start of Message >>
		There was a hacking attempt on your form. 
 
		Date of Attack: 13 May 2009
		IP-Adress: ::1 

		Host of Attacker: localhost
		Point of Attack: Formtoken
		<< End of Message >>		

		<< Start of Message >>
		There was a hacking attempt on your form. 
 
		Date of Attack: 13 May 2009
		IP-Adress: ::1 

		Host of Attacker: localhost
		Point of Attack: Unknown form fields
		<< End of Message >>    		

    		<< Start of Message >>
    		There was a hacking attempt on your form. 
 
    		Date of Attack: 2014-08-18 20:16:28
    		IP-Adress: 67.8.87.186 

    		Host of Attacker: 67-8-87-186.res.bhn.net
    		Point of Attack: test
    		<< End of Message >>